a:\learn\c\c oop\oop\x64\debug\vc143.pdb
a:\learn\c\c oop\oop\x64\debug\vc143.idb
a:\learn\c\c oop\oop\x64\debug\h6_classes_extra.obj
a:\learn\c\c oop\oop\x64\debug\h6_main.obj
a:\learn\c\c oop\oop\x64\debug\oop.obj
a:\learn\c\c oop\oop\x64\debug\h7_tree.obj
a:\learn\c\c oop\oop\x64\debug\inheritance.obj
a:\learn\c\c oop\oop\x64\debug\circuit.obj
a:\learn\c\c oop\oop\x64\debug\car.obj
a:\learn\c\c oop\oop\x64\debug\px.obj
a:\learn\c\c oop\oop\x64\debug\bmw.obj
a:\learn\c\c oop\oop\x64\debug\h5_main.obj
a:\learn\c\c oop\oop\x64\debug\h5_complex_extra.obj
a:\learn\c\c oop\oop\x64\debug\h5_number.obj
a:\learn\c\c oop\oop\x64\debug\h4_main.obj
a:\learn\c\c oop\oop\x64\debug\h4_sort.obj
a:\learn\c\c oop\oop\x64\debug\h3_main.obj
a:\learn\c\c oop\oop\x64\debug\h3_canva_extra.obj
a:\learn\c\c oop\oop\x64\debug\h3_canvadef.obj
a:\learn\c\c oop\oop\x64\debug\h3_math.obj
a:\learn\c\c oop\oop\x64\debug\h2_main.obj
a:\learn\c\c oop\oop\x64\debug\h2_movies_comparison.obj
a:\learn\c\c oop\oop\x64\debug\h2_movieseries.obj
a:\learn\c\c oop\oop\x64\debug\h2_movie.obj
a:\learn\c\c oop\oop\x64\debug\h2_studentprops.obj
a:\learn\c\c oop\oop\x64\debug\h2_studentfct.obj
a:\learn\c\c oop\oop\x64\debug\h2_numberlist.obj
a:\learn\c\c oop\oop\x64\debug\h1.obj
a:\learn\c\c oop\oop\x64\debug\exemples.obj
a:\learn\c\c oop\oop\x64\debug\derivations.obj
a:\learn\c\c oop\oop\x64\debug\ctor dtor.obj
a:\learn\c\c oop\oop\x64\debug\hh12_main.obj
a:\learn\c\c oop\oop\x64\debug\petru_correct.obj
a:\learn\c\c oop\oop\x64\debug\h10_main.obj
a:\learn\c\c oop\oop\x64\debug\map_iterator.obj
a:\learn\c\c oop\oop\x64\debug\h9_map.obj
a:\learn\c\c oop\oop\x64\debug\h9_main.obj
a:\learn\c\c oop\oop\x64\debug\h8_main.obj
a:\learn\c\c oop\oop\x64\debug\h7_main.obj
a:\learn\c\c oop\oop\x64\debug\volvo.obj
a:\learn\c\c oop\oop\x64\debug\seat.obj
a:\learn\c\c oop\oop\x64\debug\rangerover.obj
a:\learn\c\c oop\oop\x64\debug\fiat.obj
a:\learn\c\c oop\oop\x64\debug\syntax_extern_2.obj
a:\learn\c\c oop\oop\x64\debug\syntax_extern_1.obj
a:\learn\c\c oop\oop\x64\debug\stl.obj
a:\learn\c\c oop\oop\x64\debug\source_professor.obj
a:\learn\c\c oop\oop\x64\debug\pointers.obj
a:\learn\c\c oop\oop\x64\debug\friend.obj
a:\learn\c\c oop\oop\x64\debug\collegue.obj
a:\learn\c\c oop\oop\x64\debug\acquitance.obj
a:\learn\c\c oop\oop\x64\debug\h6_classes_extra.h.ifc
a:\learn\c\c oop\oop\x64\debug\h6_classes_extra.h.ifc.d.json
a:\learn\c\c oop\oop\x64\debug\h6_classes_extra.h.obj
a:\learn\c\c oop\x64\debug\oop.exe
a:\learn\c\c oop\x64\debug\oop.pdb
a:\learn\c\c oop\oop\x64\debug\h6_classes_extra.h.module.json
a:\learn\c\c oop\oop\x64\debug\oop.ilk
a:\learn\c\c oop\oop\x64\debug\h10_array.obj
a:\learn\c\c oop\oop\x64\debug\map.obj
a:\learn\c\c oop\oop\x64\debug\oop.tlog\cl.command.1.tlog
a:\learn\c\c oop\oop\x64\debug\oop.tlog\cl.items.tlog
a:\learn\c\c oop\oop\x64\debug\oop.tlog\cl.read.1.tlog
a:\learn\c\c oop\oop\x64\debug\oop.tlog\cl.write.1.tlog
a:\learn\c\c oop\oop\x64\debug\oop.tlog\link-cvtres.read.1.tlog
a:\learn\c\c oop\oop\x64\debug\oop.tlog\link-cvtres.write.1.tlog
a:\learn\c\c oop\oop\x64\debug\oop.tlog\link-rc.read.1.tlog
a:\learn\c\c oop\oop\x64\debug\oop.tlog\link-rc.write.1.tlog
a:\learn\c\c oop\oop\x64\debug\oop.tlog\link.16864-cvtres.read.1.tlog
a:\learn\c\c oop\oop\x64\debug\oop.tlog\link.16864-cvtres.write.1.tlog
a:\learn\c\c oop\oop\x64\debug\oop.tlog\link.16864-rc.read.1.tlog
a:\learn\c\c oop\oop\x64\debug\oop.tlog\link.16864-rc.write.1.tlog
a:\learn\c\c oop\oop\x64\debug\oop.tlog\link.16864.read.1.tlog
a:\learn\c\c oop\oop\x64\debug\oop.tlog\link.16864.read.2.tlog
a:\learn\c\c oop\oop\x64\debug\oop.tlog\link.16864.read.3.tlog
a:\learn\c\c oop\oop\x64\debug\oop.tlog\link.16864.read.4.tlog
a:\learn\c\c oop\oop\x64\debug\oop.tlog\link.16864.write.1.tlog
a:\learn\c\c oop\oop\x64\debug\oop.tlog\link.command.1.tlog
a:\learn\c\c oop\oop\x64\debug\oop.tlog\link.read.1.tlog
a:\learn\c\c oop\oop\x64\debug\oop.tlog\link.read.2.tlog
a:\learn\c\c oop\oop\x64\debug\oop.tlog\link.read.3.tlog
a:\learn\c\c oop\oop\x64\debug\oop.tlog\link.read.4.tlog
a:\learn\c\c oop\oop\x64\debug\oop.tlog\link.read.5.tlog
a:\learn\c\c oop\oop\x64\debug\oop.tlog\link.secondary.1.tlog
a:\learn\c\c oop\oop\x64\debug\oop.tlog\link.write.1.tlog
a:\learn\c\c oop\oop\x64\debug\oop_md.tlog\cl.command.1.tlog
a:\learn\c\c oop\oop\x64\debug\oop_md.tlog\microsoft.build.cpptasks.cl.read.1.tlog
a:\learn\c\c oop\oop\x64\debug\oop_md.tlog\microsoft.build.cpptasks.cl.write.1.tlog
