  px.cpp
  H1.cpp
  H2_NumberList.cpp
  H2_studentFct.cpp
  H2_studentProps.cpp
  H2_movie.cpp
  H2_MovieSeries.cpp
  H2_movies_comparison.cpp
  H2_main.cpp
  H3_Math.cpp
  H3_canvaDef.cpp
  H3_canva_extra.cpp
  H3_main.cpp
  H4_sort.cpp
  H4_main.cpp
  H5_number.cpp
  H5_complex_extra.cpp
  H5_main.cpp
A:\learn\c\c oop\oop\homework\H5\H5_main.cpp(38,10): warning C4067: unexpected tokens following preprocessor directive - expected a newline
  bmw.cpp
  car.cpp
  Generating Code...
  Compiling...
  circuit.cpp
  fiat.cpp
  rangerover.cpp
  seat.cpp
  volvo.cpp
  H6_main.cpp
  H7_tree.cpp
  H7_main.cpp
  H8_main.cpp
  H9_main.cpp
  H9_map.cpp
  map_iterator.cpp
  H10_main.cpp
  petru_correct.cpp
  ctor dtor.cpp
  derivations.cpp
  exemples.cpp
  inheritance.cpp
A:\learn\c\c oop\oop\lesson\inheritance.cpp(32,1): warning C4010: single-line comment contains line-continuation character
  pointers.cpp
A:\learn\c\c oop\oop\lesson\pointers.cpp(61,18): warning C4311: 'type cast': pointer truncation from 'int *' to 'int'
A:\learn\c\c oop\oop\lesson\pointers.cpp(61,18): warning C4302: 'type cast': truncation from 'int *' to 'int'
A:\learn\c\c oop\oop\lesson\pointers.cpp(69,6): warning C4312: 'type cast': conversion from 'int' to 'int *' of greater size
  source_professor.cpp
  Generating Code...
A:\learn\c\c oop\oop\lesson\exemples.cpp(19,1): warning C4172: returning address of local variable or temporary: x
  Compiling...
  stl.cpp
  syntax_extern_1.cpp
  syntax_extern_2.cpp
  oop.cpp
  Generating Code...
  oop.vcxproj -> A:\learn\c\c oop\x64\Debug\oop.exe
